[debug] [2021-10-14T14:54:16.313Z] ----------------------------------------------------------------------
[debug] [2021-10-14T14:54:16.315Z] Command:       C:\Program Files\nodejs\node.exe C:\Users\infer\AppData\Roaming\npm\node_modules\firebase-tools\lib\bin\firebase.js emulators:start
[debug] [2021-10-14T14:54:16.315Z] CLI Version:   9.19.0
[debug] [2021-10-14T14:54:16.315Z] Platform:      win32
[debug] [2021-10-14T14:54:16.315Z] Node Version:  v14.17.6
[debug] [2021-10-14T14:54:16.316Z] Time:          Thu Oct 14 2021 10:54:16 GMT-0400 (Eastern Daylight Time)
[debug] [2021-10-14T14:54:16.316Z] ----------------------------------------------------------------------
[debug] 
[debug] [2021-10-14T14:54:16.356Z] > command requires scopes: ["email","openid","https://www.googleapis.com/auth/cloudplatformprojects.readonly","https://www.googleapis.com/auth/firebase","https://www.googleapis.com/auth/cloud-platform"]
[debug] [2021-10-14T14:54:16.356Z] > authorizing via signed-in user (samjz1204@gmail.com)
[info] i  emulators: Starting emulators: functions, firestore {"metadata":{"emulator":{"name":"hub"},"message":"Starting emulators: functions, firestore"}}
[debug] [2021-10-14T14:54:16.369Z] [hub] writing locator at C:\Users\infer\AppData\Local\Temp\hub-biddingapp-3c1ea.json
[warn] !  functions: The following emulators are not running, calls to these services from the Functions emulator will affect production: auth, database, hosting, pubsub, storage {"metadata":{"emulator":{"name":"functions"},"message":"The following emulators are not running, calls to these services from the Functions emulator will affect production: \u001b[1mauth, database, hosting, pubsub, storage\u001b[22m"}}
[info] +  functions: Using node@14 from host. {"metadata":{"emulator":{"name":"functions"},"message":"Using node@14 from host."}}
[debug] [2021-10-14T14:54:16.407Z] defaultcredentials: writing to file C:\Users\infer\AppData\Roaming\firebase\samjz1204_gmail_com_application_default_credentials.json
[debug] [2021-10-14T14:54:16.408Z] Setting GAC to C:\Users\infer\AppData\Roaming\firebase\samjz1204_gmail_com_application_default_credentials.json {"metadata":{"emulator":{"name":"functions"},"message":"Setting GAC to C:\\Users\\infer\\AppData\\Roaming\\firebase\\samjz1204_gmail_com_application_default_credentials.json"}}
[debug] [2021-10-14T14:54:16.410Z] > refreshing access token with scopes: []
[debug] [2021-10-14T14:54:16.410Z] >>> HTTP REQUEST POST https://www.googleapis.com/oauth2/v3/token  
 <request body omitted>
[debug] [2021-10-14T14:54:16.507Z] <<< HTTP RESPONSE 200 {"pragma":"no-cache","cache-control":"no-cache, no-store, max-age=0, must-revalidate","expires":"Mon, 01 Jan 1990 00:00:00 GMT","date":"Thu, 14 Oct 2021 14:54:15 GMT","content-type":"application/json; charset=utf-8","vary":"X-Origin, Referer, Origin,Accept-Encoding","server":"scaffolding on HTTPServer2","x-xss-protection":"0","x-frame-options":"SAMEORIGIN","x-content-type-options":"nosniff","alt-svc":"h3=\":443\"; ma=2592000,h3-29=\":443\"; ma=2592000,h3-T051=\":443\"; ma=2592000,h3-Q050=\":443\"; ma=2592000,h3-Q046=\":443\"; ma=2592000,h3-Q043=\":443\"; ma=2592000,quic=\":443\"; ma=2592000; v=\"46,43\"","accept-ranges":"none","transfer-encoding":"chunked"}
[debug] [2021-10-14T14:54:16.516Z] >>> [apiv2][query] GET https://firebase.googleapis.com/v1beta1/projects/biddingapp-3c1ea/adminSdkConfig [none]
[debug] [2021-10-14T14:54:16.806Z] <<< [apiv2][status] GET https://firebase.googleapis.com/v1beta1/projects/biddingapp-3c1ea/adminSdkConfig 200
[debug] [2021-10-14T14:54:16.806Z] <<< [apiv2][body] GET https://firebase.googleapis.com/v1beta1/projects/biddingapp-3c1ea/adminSdkConfig {"projectId":"biddingapp-3c1ea","databaseURL":"https://biddingapp-3c1ea-default-rtdb.firebaseio.com","storageBucket":"biddingapp-3c1ea.appspot.com","locationId":"us-central"}
[debug] [2021-10-14T14:54:16.816Z] Ignoring unsupported arg: projectId {"metadata":{"emulator":{"name":"firestore"},"message":"Ignoring unsupported arg: projectId"}}
[debug] [2021-10-14T14:54:16.816Z] Ignoring unsupported arg: auto_download {"metadata":{"emulator":{"name":"firestore"},"message":"Ignoring unsupported arg: auto_download"}}
[debug] [2021-10-14T14:54:16.816Z] Starting Firestore Emulator with command {"binary":"java","args":["-Dgoogle.cloud_firestore.debug_log_level=FINE","-Duser.language=en","-jar","C:\\Users\\infer\\.cache\\firebase\\emulators\\cloud-firestore-emulator-v1.13.1.jar","--host","localhost","--port",8080,"--rules","C:\\Personal\\UNCC\\Projects\\AMAD\\Bidding\\firestore.rules","--functions_emulator","localhost:5001"],"optionalArgs":["port","webchannel_port","host","rules","functions_emulator","seed_from_export"],"joinArgs":false} {"metadata":{"emulator":{"name":"firestore"},"message":"Starting Firestore Emulator with command {\"binary\":\"java\",\"args\":[\"-Dgoogle.cloud_firestore.debug_log_level=FINE\",\"-Duser.language=en\",\"-jar\",\"C:\\\\Users\\\\infer\\\\.cache\\\\firebase\\\\emulators\\\\cloud-firestore-emulator-v1.13.1.jar\",\"--host\",\"localhost\",\"--port\",8080,\"--rules\",\"C:\\\\Personal\\\\UNCC\\\\Projects\\\\AMAD\\\\Bidding\\\\firestore.rules\",\"--functions_emulator\",\"localhost:5001\"],\"optionalArgs\":[\"port\",\"webchannel_port\",\"host\",\"rules\",\"functions_emulator\",\"seed_from_export\"],\"joinArgs\":false}"}}
[info] i  firestore: Firestore Emulator logging to firestore-debug.log {"metadata":{"emulator":{"name":"firestore"},"message":"Firestore Emulator logging to \u001b[1mfirestore-debug.log\u001b[22m"}}
[debug] [2021-10-14T14:54:17.665Z] Oct 14, 2021 10:54:17 AM com.google.cloud.datastore.emulator.firestore.websocket.WebSocketServer start
INFO: Started WebSocket server on ws://localhost:62566
 {"metadata":{"emulator":{"name":"firestore"},"message":"Oct 14, 2021 10:54:17 AM com.google.cloud.datastore.emulator.firestore.websocket.WebSocketServer start\r\nINFO: Started WebSocket server on ws://localhost:62566\r\n"}}
[debug] [2021-10-14T14:54:17.694Z] API endpoint: http://localhost:8080 {"metadata":{"emulator":{"name":"firestore"},"message":"API endpoint: http://localhost:8080"}}
[debug] [2021-10-14T14:54:17.694Z] 
If you are using a library that supports the FIRESTORE_EMULATOR_HOST environment variable, run:

   export FIRESTORE_EMULATOR_HOST=localhost:8080

Dev App Server is now running.

 {"metadata":{"emulator":{"name":"firestore"},"message":"\nIf you are using a library that supports the FIRESTORE_EMULATOR_HOST environment variable, run:\r\n\n   export FIRESTORE_EMULATOR_HOST=localhost:8080\n\nDev App Server is now running.\n\r\n"}}
[debug] [2021-10-14T14:54:17.875Z] Ignoring unsupported arg: auto_download {"metadata":{"emulator":{"name":"ui"},"message":"Ignoring unsupported arg: auto_download"}}
[debug] [2021-10-14T14:54:17.875Z] Ignoring unsupported arg: port {"metadata":{"emulator":{"name":"ui"},"message":"Ignoring unsupported arg: port"}}
[debug] [2021-10-14T14:54:17.875Z] Starting Emulator UI with command {"binary":"node","args":["C:\\Users\\infer\\.cache\\firebase\\emulators\\ui-v1.6.3\\server.bundle.js"],"optionalArgs":[],"joinArgs":false} {"metadata":{"emulator":{"name":"ui"},"message":"Starting Emulator UI with command {\"binary\":\"node\",\"args\":[\"C:\\\\Users\\\\infer\\\\.cache\\\\firebase\\\\emulators\\\\ui-v1.6.3\\\\server.bundle.js\"],\"optionalArgs\":[],\"joinArgs\":false}"}}
[info] i  ui: Emulator UI logging to ui-debug.log {"metadata":{"emulator":{"name":"ui"},"message":"Emulator UI logging to \u001b[1mui-debug.log\u001b[22m"}}
[debug] [2021-10-14T14:54:17.949Z] Web / API server started at localhost:4000
 {"metadata":{"emulator":{"name":"ui"},"message":"Web / API server started at localhost:4000\n"}}
[info] i  functions: Watching "C:\Personal\UNCC\Projects\AMAD\Bidding\functions" for Cloud Functions... {"metadata":{"emulator":{"name":"functions"},"message":"Watching \"C:\\Personal\\UNCC\\Projects\\AMAD\\Bidding\\functions\" for Cloud Functions..."}}
[debug] [2021-10-14T14:54:18.139Z] [worker-pool] addWorker(~diagnostic~) {"metadata":{"emulator":{"name":"functions"},"message":"[worker-pool] addWorker(~diagnostic~)"}}
[debug] [2021-10-14T14:54:18.139Z] [worker-pool] Adding worker with key ~diagnostic~, total=1 {"metadata":{"emulator":{"name":"functions"},"message":"[worker-pool] Adding worker with key ~diagnostic~, total=1"}}
[debug] [2021-10-14T14:54:18.140Z] [worker-pool] submitWork(triggerId=) {"metadata":{"emulator":{"name":"functions"},"message":"[worker-pool] submitWork(triggerId=)"}}
[debug] [2021-10-14T14:54:18.140Z] [worker-~diagnostic~-8314bb48-df14-46d1-9da0-8bc5e872a8c6]: Assigning socketPath: \\?\pipe\C:\Personal\UNCC\Projects\AMAD\Bidding\functions\8424 {"metadata":{"emulator":{"name":"functions"},"message":"[worker-~diagnostic~-8314bb48-df14-46d1-9da0-8bc5e872a8c6]: Assigning socketPath: \\\\?\\pipe\\C:\\Personal\\UNCC\\Projects\\AMAD\\Bidding\\functions\\8424"}}
[debug] [2021-10-14T14:54:18.140Z] [worker-~diagnostic~-8314bb48-df14-46d1-9da0-8bc5e872a8c6]: BUSY {"metadata":{"emulator":{"name":"functions"},"message":"[worker-~diagnostic~-8314bb48-df14-46d1-9da0-8bc5e872a8c6]: BUSY"}}
[debug] [2021-10-14T14:54:18.273Z] [runtime-status] [8424] Functions runtime initialized. {"cwd":"C:\\Personal\\UNCC\\Projects\\AMAD\\Bidding\\functions","node_version":"14.17.6"} {"metadata":{"emulator":{"name":"functions"},"message":"[runtime-status] [8424] Functions runtime initialized. {\"cwd\":\"C:\\\\Personal\\\\UNCC\\\\Projects\\\\AMAD\\\\Bidding\\\\functions\",\"node_version\":\"14.17.6\"}"}}
[debug] [2021-10-14T14:54:18.274Z] [runtime-status] [8424] Disabled runtime features: undefined {"metadata":{"emulator":{"name":"functions"},"message":"[runtime-status] [8424] Disabled runtime features: undefined"}}
[debug] [2021-10-14T14:54:18.276Z] [runtime-status] [8424] Resolved module firebase-admin {"declared":true,"installed":true,"version":"9.12.0","resolution":"C:\\Personal\\UNCC\\Projects\\AMAD\\Bidding\\functions\\node_modules\\firebase-admin\\lib\\index.js"} {"metadata":{"emulator":{"name":"functions"},"message":"[runtime-status] [8424] Resolved module firebase-admin {\"declared\":true,\"installed\":true,\"version\":\"9.12.0\",\"resolution\":\"C:\\\\Personal\\\\UNCC\\\\Projects\\\\AMAD\\\\Bidding\\\\functions\\\\node_modules\\\\firebase-admin\\\\lib\\\\index.js\"}"}}
[debug] [2021-10-14T14:54:18.278Z] [runtime-status] [8424] Resolved module firebase-functions {"declared":true,"installed":true,"version":"3.15.7","resolution":"C:\\Personal\\UNCC\\Projects\\AMAD\\Bidding\\functions\\node_modules\\firebase-functions\\lib\\index.js"} {"metadata":{"emulator":{"name":"functions"},"message":"[runtime-status] [8424] Resolved module firebase-functions {\"declared\":true,\"installed\":true,\"version\":\"3.15.7\",\"resolution\":\"C:\\\\Personal\\\\UNCC\\\\Projects\\\\AMAD\\\\Bidding\\\\functions\\\\node_modules\\\\firebase-functions\\\\lib\\\\index.js\"}"}}
[debug] [2021-10-14T14:54:18.279Z] [runtime-status] [8424] Outgoing network have been stubbed. [{"name":"http","status":"mocked"},{"name":"http","status":"mocked"},{"name":"https","status":"mocked"},{"name":"https","status":"mocked"},{"name":"net","status":"mocked"}] {"metadata":{"emulator":{"name":"functions"},"message":"[runtime-status] [8424] Outgoing network have been stubbed. [{\"name\":\"http\",\"status\":\"mocked\"},{\"name\":\"http\",\"status\":\"mocked\"},{\"name\":\"https\",\"status\":\"mocked\"},{\"name\":\"https\",\"status\":\"mocked\"},{\"name\":\"net\",\"status\":\"mocked\"}]"}}
[debug] [2021-10-14T14:54:18.279Z] [runtime-status] [8424] Resolved module firebase-functions {"declared":true,"installed":true,"version":"3.15.7","resolution":"C:\\Personal\\UNCC\\Projects\\AMAD\\Bidding\\functions\\node_modules\\firebase-functions\\lib\\index.js"} {"metadata":{"emulator":{"name":"functions"},"message":"[runtime-status] [8424] Resolved module firebase-functions {\"declared\":true,\"installed\":true,\"version\":\"3.15.7\",\"resolution\":\"C:\\\\Personal\\\\UNCC\\\\Projects\\\\AMAD\\\\Bidding\\\\functions\\\\node_modules\\\\firebase-functions\\\\lib\\\\index.js\"}"}}
[debug] [2021-10-14T14:54:18.311Z] [runtime-status] [8424] Checked functions.config() {"config":{}} {"metadata":{"emulator":{"name":"functions"},"message":"[runtime-status] [8424] Checked functions.config() {\"config\":{}}"}}
[debug] [2021-10-14T14:54:18.311Z] [runtime-status] [8424] firebase-functions has been stubbed. {"functionsResolution":{"declared":true,"installed":true,"version":"3.15.7","resolution":"C:\\Personal\\UNCC\\Projects\\AMAD\\Bidding\\functions\\node_modules\\firebase-functions\\lib\\index.js"}} {"metadata":{"emulator":{"name":"functions"},"message":"[runtime-status] [8424] firebase-functions has been stubbed. {\"functionsResolution\":{\"declared\":true,\"installed\":true,\"version\":\"3.15.7\",\"resolution\":\"C:\\\\Personal\\\\UNCC\\\\Projects\\\\AMAD\\\\Bidding\\\\functions\\\\node_modules\\\\firebase-functions\\\\lib\\\\index.js\"}}"}}
[debug] [2021-10-14T14:54:18.312Z] [runtime-status] [8424] Resolved module firebase-functions {"declared":true,"installed":true,"version":"3.15.7","resolution":"C:\\Personal\\UNCC\\Projects\\AMAD\\Bidding\\functions\\node_modules\\firebase-functions\\lib\\index.js"} {"metadata":{"emulator":{"name":"functions"},"message":"[runtime-status] [8424] Resolved module firebase-functions {\"declared\":true,\"installed\":true,\"version\":\"3.15.7\",\"resolution\":\"C:\\\\Personal\\\\UNCC\\\\Projects\\\\AMAD\\\\Bidding\\\\functions\\\\node_modules\\\\firebase-functions\\\\lib\\\\index.js\"}"}}
[debug] [2021-10-14T14:54:18.313Z] [runtime-status] [8424] Resolved module firebase-admin {"declared":true,"installed":true,"version":"9.12.0","resolution":"C:\\Personal\\UNCC\\Projects\\AMAD\\Bidding\\functions\\node_modules\\firebase-admin\\lib\\index.js"} {"metadata":{"emulator":{"name":"functions"},"message":"[runtime-status] [8424] Resolved module firebase-admin {\"declared\":true,\"installed\":true,\"version\":\"9.12.0\",\"resolution\":\"C:\\\\Personal\\\\UNCC\\\\Projects\\\\AMAD\\\\Bidding\\\\functions\\\\node_modules\\\\firebase-admin\\\\lib\\\\index.js\"}"}}
[debug] [2021-10-14T14:54:18.313Z] [runtime-status] [8424] Resolved module firebase-functions {"declared":true,"installed":true,"version":"3.15.7","resolution":"C:\\Personal\\UNCC\\Projects\\AMAD\\Bidding\\functions\\node_modules\\firebase-functions\\lib\\index.js"} {"metadata":{"emulator":{"name":"functions"},"message":"[runtime-status] [8424] Resolved module firebase-functions {\"declared\":true,\"installed\":true,\"version\":\"3.15.7\",\"resolution\":\"C:\\\\Personal\\\\UNCC\\\\Projects\\\\AMAD\\\\Bidding\\\\functions\\\\node_modules\\\\firebase-functions\\\\lib\\\\index.js\"}"}}
[debug] [2021-10-14T14:54:18.313Z] [runtime-status] [8424] firebase-admin has been stubbed. {"adminResolution":{"declared":true,"installed":true,"version":"9.12.0","resolution":"C:\\Personal\\UNCC\\Projects\\AMAD\\Bidding\\functions\\node_modules\\firebase-admin\\lib\\index.js"}} {"metadata":{"emulator":{"name":"functions"},"message":"[runtime-status] [8424] firebase-admin has been stubbed. {\"adminResolution\":{\"declared\":true,\"installed\":true,\"version\":\"9.12.0\",\"resolution\":\"C:\\\\Personal\\\\UNCC\\\\Projects\\\\AMAD\\\\Bidding\\\\functions\\\\node_modules\\\\firebase-admin\\\\lib\\\\index.js\"}}"}}
[debug] [2021-10-14T14:54:18.315Z] [runtime-status] [8424] initializeApp(DEFAULT) {"storageBucket":"biddingapp-3c1ea.appspot.com","databaseURL":"https://biddingapp-3c1ea-default-rtdb.firebaseio.com","projectId":"biddingapp-3c1ea"} {"metadata":{"emulator":{"name":"functions"},"message":"[runtime-status] [8424] initializeApp(DEFAULT) {\"storageBucket\":\"biddingapp-3c1ea.appspot.com\",\"databaseURL\":\"https://biddingapp-3c1ea-default-rtdb.firebaseio.com\",\"projectId\":\"biddingapp-3c1ea\"}"}}
[info] +  functions[us-central1-createUserProfile]: http function initialized (http://localhost:5001/biddingapp-3c1ea/us-central1/createUserProfile). {"metadata":{"emulator":{"name":"functions"},"message":"\u001b[1mhttp\u001b[22m function initialized (http://localhost:5001/biddingapp-3c1ea/us-central1/createUserProfile)."}}
[info] +  functions[us-central1-addMoney]: http function initialized (http://localhost:5001/biddingapp-3c1ea/us-central1/addMoney). {"metadata":{"emulator":{"name":"functions"},"message":"\u001b[1mhttp\u001b[22m function initialized (http://localhost:5001/biddingapp-3c1ea/us-central1/addMoney)."}}
[info] +  functions[us-central1-postNewItem]: http function initialized (http://localhost:5001/biddingapp-3c1ea/us-central1/postNewItem). {"metadata":{"emulator":{"name":"functions"},"message":"\u001b[1mhttp\u001b[22m function initialized (http://localhost:5001/biddingapp-3c1ea/us-central1/postNewItem)."}}
[info] +  functions[us-central1-cancelItem]: http function initialized (http://localhost:5001/biddingapp-3c1ea/us-central1/cancelItem). {"metadata":{"emulator":{"name":"functions"},"message":"\u001b[1mhttp\u001b[22m function initialized (http://localhost:5001/biddingapp-3c1ea/us-central1/cancelItem)."}}
[info] +  functions[us-central1-bidOnItem]: http function initialized (http://localhost:5001/biddingapp-3c1ea/us-central1/bidOnItem). {"metadata":{"emulator":{"name":"functions"},"message":"\u001b[1mhttp\u001b[22m function initialized (http://localhost:5001/biddingapp-3c1ea/us-central1/bidOnItem)."}}
[debug] [2021-10-14T14:54:18.320Z] addFirestoreTrigger "{\"eventTrigger\":{\"resource\":\"projects/biddingapp-3c1ea/databases/(default)/documents/auction/{itemId}\",\"eventType\":\"providers/cloud.firestore/eventTypes/document.update\",\"service\":\"firestore.googleapis.com\"}}"
[debug] [2021-10-14T14:54:18.320Z] >>> HTTP REQUEST PUT http://localhost:8080/emulator/v1/projects/biddingapp-3c1ea/triggers/us-central1-updateWinningBid-0  
 {"eventTrigger":{"resource":"projects/biddingapp-3c1ea/databases/(default)/documents/auction/{itemId}","eventType":"providers/cloud.firestore/eventTypes/document.update","service":"firestore.googleapis.com"}}
[debug] [2021-10-14T14:54:18.322Z] [worker-~diagnostic~-8314bb48-df14-46d1-9da0-8bc5e872a8c6]: IDLE {"metadata":{"emulator":{"name":"functions"},"message":"[worker-~diagnostic~-8314bb48-df14-46d1-9da0-8bc5e872a8c6]: IDLE"}}
[debug] [2021-10-14T14:54:18.325Z] Oct 14, 2021 10:54:18 AM io.gapi.emulators.netty.HttpVersionRoutingHandler channelRead
INFO: Detected non-HTTP/2 connection.
 {"metadata":{"emulator":{"name":"firestore"},"message":"Oct 14, 2021 10:54:18 AM io.gapi.emulators.netty.HttpVersionRoutingHandler channelRead\r\nINFO: Detected non-HTTP/2 connection.\r\n"}}
[debug] [2021-10-14T14:54:18.433Z] Oct 14, 2021 10:54:18 AM io.gapi.emulators.netty.HttpVersionRoutingHandler channelRead
INFO: Detected HTTP/2 connection.
 {"metadata":{"emulator":{"name":"firestore"},"message":"Oct 14, 2021 10:54:18 AM io.gapi.emulators.netty.HttpVersionRoutingHandler channelRead\r\nINFO: Detected HTTP/2 connection.\r\n"}}
[debug] [2021-10-14T14:54:18.801Z] <<< HTTP RESPONSE 200 {"content-type":"application/json","content-length":"4"}
[info] +  functions[us-central1-updateWinningBid]: firestore function initialized. {"metadata":{"emulator":{"name":"functions"},"message":"\u001b[1mfirestore\u001b[22m function initialized."}}
[debug] [2021-10-14T14:54:18.802Z] addFirestoreTrigger "{\"eventTrigger\":{\"resource\":\"projects/biddingapp-3c1ea/databases/(default)/documents/auction/{itemId}\",\"eventType\":\"providers/cloud.firestore/eventTypes/document.delete\",\"service\":\"firestore.googleapis.com\"}}"
[debug] [2021-10-14T14:54:18.802Z] >>> HTTP REQUEST PUT http://localhost:8080/emulator/v1/projects/biddingapp-3c1ea/triggers/us-central1-updateOnItemDelete-0  
 {"eventTrigger":{"resource":"projects/biddingapp-3c1ea/databases/(default)/documents/auction/{itemId}","eventType":"providers/cloud.firestore/eventTypes/document.delete","service":"firestore.googleapis.com"}}
[debug] [2021-10-14T14:54:18.805Z] Oct 14, 2021 10:54:18 AM io.gapi.emulators.netty.HttpVersionRoutingHandler channelRead
INFO: Detected non-HTTP/2 connection.
 {"metadata":{"emulator":{"name":"firestore"},"message":"Oct 14, 2021 10:54:18 AM io.gapi.emulators.netty.HttpVersionRoutingHandler channelRead\r\nINFO: Detected non-HTTP/2 connection.\r\n"}}
[debug] [2021-10-14T14:54:18.809Z] <<< HTTP RESPONSE 200 {"content-type":"application/json","content-length":"4"}
[info] +  functions[us-central1-updateOnItemDelete]: firestore function initialized. {"metadata":{"emulator":{"name":"functions"},"message":"\u001b[1mfirestore\u001b[22m function initialized."}}
[info] +  functions[us-central1-cancelBid]: http function initialized (http://localhost:5001/biddingapp-3c1ea/us-central1/cancelBid). {"metadata":{"emulator":{"name":"functions"},"message":"\u001b[1mhttp\u001b[22m function initialized (http://localhost:5001/biddingapp-3c1ea/us-central1/cancelBid)."}}
[info] +  functions[us-central1-acceptBidOnItem]: http function initialized (http://localhost:5001/biddingapp-3c1ea/us-central1/acceptBidOnItem). {"metadata":{"emulator":{"name":"functions"},"message":"\u001b[1mhttp\u001b[22m function initialized (http://localhost:5001/biddingapp-3c1ea/us-central1/acceptBidOnItem)."}}
[info] 
┌─────────────────────────────────────────────────────────────┐
│ ✔  All emulators ready! It is now safe to connect your app. │
│ i  View Emulator UI at http://localhost:4000                │
└─────────────────────────────────────────────────────────────┘

┌───────────┬────────────────┬─────────────────────────────────┐
│ Emulator  │ Host:Port      │ View in Emulator UI             │
├───────────┼────────────────┼─────────────────────────────────┤
│ Functions │ localhost:5001 │ http://localhost:4000/functions │
├───────────┼────────────────┼─────────────────────────────────┤
│ Firestore │ localhost:8080 │ http://localhost:4000/firestore │
└───────────┴────────────────┴─────────────────────────────────┘
  Emulator Hub running at localhost:4400
  Other reserved ports: 4500

Issues? Report them at https://github.com/firebase/firebase-tools/issues and attach the *-debug.log files.
 
